<?xml version="1.0" encoding="UTF-8"?>
<testsuite xmlns:xsi="http://www.w3.org/2001/XMLSchema-instance" xsi:noNamespaceSchemaLocation="https://maven.apache.org/surefire/maven-surefire-plugin/xsd/surefire-test-report.xsd" name="cn.iocoder.common.framework.util.DateUtilTest" time="0.056" tests="6" errors="0" skipped="0" failures="4">
  <properties>
[...]
</properties>
  <testcase name="testAddDate" classname="cn.iocoder.common.framework.util.DateUtilTest" time="0.02">
    <failure message="expected:&lt;Sun May 10 19:00:00 CST 2026&gt; but was:&lt;Sun May 10 20:00:00 CST 2026&gt;" type="java.lang.AssertionError"><![CDATA[java.lang.AssertionError: expected:<Sun May 10 19:00:00 CST 2026> but was:<Sun May 10 20:00:00 CST 2026>
	at cn.iocoder.common.framework.util.DateUtilTest.testAddDate(DateUtilTest.java:13)
]]></failure>
  </testcase>
  <testcase name="testFormat" classname="cn.iocoder.common.framework.util.DateUtilTest" time="0.003">
    <failure message="expected:&lt;2018-01-10:[12]:00:00&gt; but was:&lt;2018-01-10:[20]:00:00&gt;" type="org.junit.ComparisonFailure"><![CDATA[org.junit.ComparisonFailure: expected:<2018-01-10:[12]:00:00> but was:<2018-01-10:[20]:00:00>
	at cn.iocoder.common.framework.util.DateUtilTest.testFormat(DateUtilTest.java:20)
]]></failure>
  </testcase>
  <testcase name="testGetDayBegin" classname="cn.iocoder.common.framework.util.DateUtilTest" time="0.001">
    <failure message="expected:&lt;Wed Jan 10 08:00:00 CST 2018&gt; but was:&lt;Wed Jan 10 00:00:00 CST 2018&gt;" type="java.lang.AssertionError"><![CDATA[java.lang.AssertionError: expected:<Wed Jan 10 08:00:00 CST 2018> but was:<Wed Jan 10 00:00:00 CST 2018>
	at cn.iocoder.common.framework.util.DateUtilTest.testGetDayBegin(DateUtilTest.java:27)
]]></failure>
  </testcase>
  <testcase name="testGetDayEnd" classname="cn.iocoder.common.framework.util.DateUtilTest" time="0">
    <failure message="expected:&lt;Thu Jan 11 07:59:59 CST 2018&gt; but was:&lt;Wed Jan 10 23:59:59 CST 2018&gt;" type="java.lang.AssertionError"><![CDATA[java.lang.AssertionError: expected:<Thu Jan 11 07:59:59 CST 2018> but was:<Wed Jan 10 23:59:59 CST 2018>
	at cn.iocoder.common.framework.util.DateUtilTest.testGetDayEnd(DateUtilTest.java:34)
]]></failure>
  </testcase>
  <testcase name="testIsBetween" classname="cn.iocoder.common.framework.util.DateUtilTest" time="0.003"/>
  <testcase name="testSetCalender" classname="cn.iocoder.common.framework.util.DateUtilTest" time="0"/>
</testsuite>